2024-09-06 09:56:52 INFO  LoggerClass:8 - Starting Questionary Age test
2024-09-06 09:56:52 INFO  LoggerClass:8 - Selecting less than 15
2024-09-06 09:56:52 INFO  LoggerClass:8 - Starting Questionary Data Picker Test
2024-09-06 09:56:52 INFO  LoggerClass:8 - Starting Questionary Name And Surname test
2024-09-06 09:56:52 INFO  LoggerClass:8 - Starting Select Option
2024-09-06 09:56:52 INFO  LoggerClass:8 - Starting Questionary Gender test
2024-09-06 09:56:52 INFO  LoggerClass:8 - Selecting female
2024-09-06 09:56:52 INFO  LoggerClass:8 - Starting Product selection
2024-09-06 09:56:52 INFO  LoggerClass:8 - Selecting Shirt
2024-09-06 09:56:52 INFO  LoggerClass:8 - Selecting male
2024-09-06 10:02:10 INFO  LoggerClass:8 - Starting Questionary Age test
2024-09-06 10:02:10 INFO  LoggerClass:8 - Selecting less than 15
2024-09-06 10:02:10 INFO  LoggerClass:8 - Starting Questionary Data Picker Test
2024-09-06 10:02:10 INFO  LoggerClass:8 - Starting Questionary Name And Surname test
2024-09-06 10:02:10 INFO  LoggerClass:8 - Starting Select Option
2024-09-06 10:02:10 INFO  LoggerClass:8 - Starting Questionary Gender test
2024-09-06 10:02:10 INFO  LoggerClass:8 - Selecting female
2024-09-06 10:02:10 INFO  LoggerClass:8 - Starting Product selection
2024-09-06 10:02:10 INFO  LoggerClass:8 - Selecting Shirt
2024-09-06 10:02:10 INFO  LoggerClass:8 - Selecting male
2024-09-06 10:10:28 INFO  LoggerClass:8 - Starting Questionary Age test
2024-09-06 10:10:28 INFO  LoggerClass:8 - Selecting less than 15
2024-09-06 10:10:28 INFO  LoggerClass:8 - Starting Questionary Data Picker Test
2024-09-06 10:10:28 INFO  LoggerClass:8 - Starting Questionary Name And Surname test
2024-09-06 10:10:28 INFO  LoggerClass:8 - Starting Select Option
2024-09-06 10:10:28 INFO  LoggerClass:8 - Starting Questionary Gender test
2024-09-06 10:10:28 INFO  LoggerClass:8 - Selecting female
2024-09-06 10:10:28 INFO  LoggerClass:8 - Starting Product selection
2024-09-06 10:10:28 INFO  LoggerClass:8 - Selecting Shirt
2024-09-06 10:10:28 INFO  LoggerClass:8 - Selecting male
